INFO : 2022-07-17 14:07:13,160 : Started server process [15060]
INFO : 2022-07-17 14:07:13,160 : Waiting for application startup.
INFO : 2022-07-17 14:07:13,160 : Application startup complete.
INFO : 2022-07-17 14:07:26,196 : 75.775471611.2450558 geolocation
INFO : 2022-07-17 14:07:26,196 : (75.7754716, 11.2450558) geolocation
INFO : 2022-07-17 14:07:26,212 : Address found
INFO : 2022-07-17 14:07:27,532 : 75.911986811.3594537 geolocation
INFO : 2022-07-17 14:07:27,532 : (75.9119868, 11.3594537) geolocation
INFO : 2022-07-17 14:07:27,532 : 15.555693611959043
INFO : 2022-07-17 14:07:28,871 : 76.0190597175869611.418374700000001 geolocation
INFO : 2022-07-17 14:07:28,871 : (76.01905971758696, 11.418374700000001) geolocation
INFO : 2022-07-17 14:07:28,871 : 27.59691816610656
INFO : 2022-07-17 14:07:46,697 : Started server process [12076]
INFO : 2022-07-17 14:07:46,713 : Waiting for application startup.
INFO : 2022-07-17 14:07:46,713 : Application startup complete.
INFO : 2022-07-17 14:08:00,355 : Started server process [14028]
INFO : 2022-07-17 14:08:00,355 : Waiting for application startup.
INFO : 2022-07-17 14:08:00,355 : Application startup complete.
INFO : 2022-07-17 14:08:02,048 : Started server process [10840]
INFO : 2022-07-17 14:08:02,048 : Waiting for application startup.
INFO : 2022-07-17 14:08:02,048 : Application startup complete.
INFO : 2022-07-17 14:08:04,272 : Started server process [7228]
INFO : 2022-07-17 14:08:04,272 : Waiting for application startup.
INFO : 2022-07-17 14:08:04,279 : Application startup complete.
INFO : 2022-07-17 14:08:05,560 : Started server process [7792]
INFO : 2022-07-17 14:08:05,560 : Waiting for application startup.
INFO : 2022-07-17 14:08:05,566 : Application startup complete.
INFO : 2022-07-17 14:08:09,846 : Started server process [7372]
INFO : 2022-07-17 14:08:09,846 : Waiting for application startup.
INFO : 2022-07-17 14:08:09,846 : Application startup complete.
INFO : 2022-07-17 14:08:11,118 : Started server process [16976]
INFO : 2022-07-17 14:08:11,124 : Waiting for application startup.
INFO : 2022-07-17 14:08:11,124 : Application startup complete.
INFO : 2022-07-17 14:08:14,407 : Started server process [5368]
INFO : 2022-07-17 14:08:14,407 : Waiting for application startup.
INFO : 2022-07-17 14:08:14,412 : Application startup complete.
INFO : 2022-07-17 14:08:20,445 : Started server process [248]
INFO : 2022-07-17 14:08:20,445 : Waiting for application startup.
INFO : 2022-07-17 14:08:20,445 : Application startup complete.
INFO : 2022-07-17 14:08:33,766 : Shutting down
INFO : 2022-07-17 14:51:32,766 : Started server process [5372]
INFO : 2022-07-17 14:51:32,766 : Waiting for application startup.
INFO : 2022-07-17 14:51:32,766 : Application startup complete.
INFO : 2022-07-17 14:51:45,999 : Shutting down
INFO : 2022-07-17 14:51:46,109 : Waiting for application shutdown.
INFO : 2022-07-17 14:51:46,110 : Application shutdown complete.
INFO : 2022-07-17 14:51:46,111 : Finished server process [5372]
